Sat 13 Jun 2026 15:14:49 INFO  
General Hyper Parameters:
gpu_id = 0
use_gpu = True
seed = 2020
state = INFO
reproducibility = True
data_path = /content/test_all/nhom3/CORE/dataset/retailrocket
checkpoint_dir = saved
show_progress = True
save_dataset = False
dataset_save_path = None
save_dataloaders = False
dataloaders_save_path = None
log_wandb = False

Training Hyper Parameters:
epochs = 300
train_batch_size = 2048
learner = adam
learning_rate = 0.001
train_neg_sample_args = {'distribution': 'none', 'sample_num': 'none', 'alpha': 'none', 'dynamic': False, 'candidate_num': 0}
eval_step = 1
stopping_step = 5
clip_grad_norm = None
weight_decay = 0.0
loss_decimal_place = 4

Evaluation Hyper Parameters:
eval_args = {'split': {'RS': [0.8, 0.1, 0.1]}, 'order': 'TO', 'group_by': 'user', 'mode': {'valid': 'full', 'test': 'full'}}
repeatable = True
metrics = ['Recall', 'MRR']
topk = [10, 20]
valid_metric = MRR@20
valid_metric_bigger = True
eval_batch_size = 2048
metric_decimal_place = 4

Dataset Hyper Parameters:
field_separator = 	
seq_separator =  
USER_ID_FIELD = session_id
ITEM_ID_FIELD = item_id
RATING_FIELD = rating
TIME_FIELD = timestamp
seq_len = None
LABEL_FIELD = label
threshold = None
NEG_PREFIX = neg_
load_col = {'inter': ['session_id', 'item_id_list', 'item_id']}
unload_col = None
unused_col = None
additional_feat_suffix = None
rm_dup_inter = None
val_interval = None
filter_inter_by_user_or_item = True
user_inter_num_interval = [0,inf)
item_inter_num_interval = [0,inf)
alias_of_user_id = None
alias_of_item_id = None
alias_of_entity_id = None
alias_of_relation_id = None
preload_weight = None
normalize_field = None
normalize_all = None
ITEM_LIST_LENGTH_FIELD = item_length
LIST_SUFFIX = _list
MAX_ITEM_LIST_LENGTH = 50
POSITION_FIELD = position_id
HEAD_ENTITY_ID_FIELD = head_id
TAIL_ENTITY_ID_FIELD = tail_id
RELATION_ID_FIELD = relation_id
ENTITY_ID_FIELD = entity_id
benchmark_filename = ['train', 'valid', 'test']

Other Hyper Parameters: 
worker = 0
wandb_project = recbole
shuffle = True
require_pow = False
enable_amp = False
enable_scaler = False
transform = None
numerical_features = []
discretization = None
kg_reverse_r = False
entity_kg_num_interval = [0,inf)
relation_kg_num_interval = [0,inf)
MODEL_TYPE = ModelType.SEQUENTIAL
neg_sampling = None
training_neg_sample_num = 0
embedding_size = 100
inner_size = 256
n_layers = 2
n_heads = 2
hidden_dropout_prob = 0.5
attn_dropout_prob = 0.5
hidden_act = gelu
layer_norm_eps = 1e-12
initializer_range = 0.02
loss_type = CE
sess_dropout = 0.2
item_dropout = 0.2
temperature = 0.07
MODEL_INPUT_TYPE = InputType.POINTWISE
eval_type = EvaluatorType.RANKING
single_spec = True
local_rank = 0
device = cuda
valid_neg_sample_args = {'distribution': 'uniform', 'sample_num': 'none'}
test_neg_sample_args = {'distribution': 'uniform', 'sample_num': 'none'}


Sat 13 Jun 2026 15:15:00 INFO  retailrocket
The number of users: 871638
Average actions of users: 1.0
The number of items: 51389
Average actions of items: 16.96187825951584
The number of inters: 871637
The sparsity of the dataset: 99.998054060494%
Remain Fields: ['session_id', 'item_id_list', 'item_id', 'item_length']
Sat 13 Jun 2026 15:15:14 INFO  [Training]: train_batch_size = [2048] train_neg_sample_args: [{'distribution': 'none', 'sample_num': 'none', 'alpha': 'none', 'dynamic': False, 'candidate_num': 0}]
Sat 13 Jun 2026 15:15:14 INFO  [Evaluation]: eval_batch_size = [2048] eval_args: [{'split': {'RS': [0.8, 0.1, 0.1]}, 'order': 'TO', 'group_by': 'user', 'mode': {'valid': 'full', 'test': 'full'}}]
Sat 13 Jun 2026 15:15:14 INFO  COREtrm(
  (sess_dropout): Dropout(p=0.2, inplace=False)
  (item_dropout): Dropout(p=0.2, inplace=False)
  (item_embedding): Embedding(51389, 100, padding_idx=0)
  (loss_fct): CrossEntropyLoss()
  (net): TransNet(
    (position_embedding): Embedding(50, 100)
    (trm_encoder): TransformerEncoder(
      (layer): ModuleList(
        (0-1): 2 x TransformerLayer(
          (multi_head_attention): MultiHeadAttention(
            (query): Linear(in_features=100, out_features=100, bias=True)
            (key): Linear(in_features=100, out_features=100, bias=True)
            (value): Linear(in_features=100, out_features=100, bias=True)
            (softmax): Softmax(dim=-1)
            (attn_dropout): Dropout(p=0.5, inplace=False)
            (dense): Linear(in_features=100, out_features=100, bias=True)
            (LayerNorm): LayerNorm((100,), eps=1e-12, elementwise_affine=True)
            (out_dropout): Dropout(p=0.5, inplace=False)
          )
          (feed_forward): FeedForward(
            (dense_1): Linear(in_features=100, out_features=256, bias=True)
            (dense_2): Linear(in_features=256, out_features=100, bias=True)
            (LayerNorm): LayerNorm((100,), eps=1e-12, elementwise_affine=True)
            (dropout): Dropout(p=0.5, inplace=False)
          )
        )
      )
    )
    (LayerNorm): LayerNorm((100,), eps=1e-12, elementwise_affine=True)
    (dropout): Dropout(p=0.5, inplace=False)
    (fn): Linear(in_features=100, out_features=1, bias=True)
  )
)
Trainable parameters: 5328913
Sat 13 Jun 2026 15:15:35 INFO  epoch 0 training [time: 15.68s, train loss: 3592.6373]
Sat 13 Jun 2026 15:15:36 INFO  epoch 0 evaluating [time: 1.17s, valid_score: 0.104700]
Sat 13 Jun 2026 15:15:36 INFO  valid result: 
recall@10 : 0.2539    recall@20 : 0.2762    mrr@10 : 0.1031    mrr@20 : 0.1047
Sat 13 Jun 2026 15:15:36 INFO  Saving current: saved/COREtrm-Jun-13-2026_15-15-14.pth
Sat 13 Jun 2026 15:15:51 INFO  epoch 1 training [time: 14.67s, train loss: 2671.4455]
Sat 13 Jun 2026 15:15:52 INFO  epoch 1 evaluating [time: 1.04s, valid_score: 0.138900]
Sat 13 Jun 2026 15:15:52 INFO  valid result: 
recall@10 : 0.3438    recall@20 : 0.3832    mrr@10 : 0.1361    mrr@20 : 0.1389
Sat 13 Jun 2026 15:15:52 INFO  Saving current: saved/COREtrm-Jun-13-2026_15-15-14.pth
Sat 13 Jun 2026 15:16:07 INFO  epoch 2 training [time: 14.66s, train loss: 2299.6979]
Sat 13 Jun 2026 15:16:08 INFO  epoch 2 evaluating [time: 1.07s, valid_score: 0.150400]
Sat 13 Jun 2026 15:16:08 INFO  valid result: 
recall@10 : 0.3765    recall@20 : 0.4235    mrr@10 : 0.1471    mrr@20 : 0.1504
Sat 13 Jun 2026 15:16:08 INFO  Saving current: saved/COREtrm-Jun-13-2026_15-15-14.pth
Sat 13 Jun 2026 15:16:23 INFO  epoch 3 training [time: 14.67s, train loss: 2120.8038]
Sat 13 Jun 2026 15:16:24 INFO  epoch 3 evaluating [time: 1.08s, valid_score: 0.155700]
Sat 13 Jun 2026 15:16:24 INFO  valid result: 
recall@10 : 0.3909    recall@20 : 0.4446    mrr@10 : 0.152    mrr@20 : 0.1557
Sat 13 Jun 2026 15:16:24 INFO  Saving current: saved/COREtrm-Jun-13-2026_15-15-14.pth
Sat 13 Jun 2026 15:16:38 INFO  epoch 4 training [time: 14.67s, train loss: 2019.8565]
Sat 13 Jun 2026 15:16:40 INFO  epoch 4 evaluating [time: 1.08s, valid_score: 0.159000]
Sat 13 Jun 2026 15:16:40 INFO  valid result: 
recall@10 : 0.3981    recall@20 : 0.4559    mrr@10 : 0.1549    mrr@20 : 0.159
Sat 13 Jun 2026 15:16:40 INFO  Saving current: saved/COREtrm-Jun-13-2026_15-15-14.pth
Sat 13 Jun 2026 15:16:54 INFO  epoch 5 training [time: 14.69s, train loss: 1956.1106]
Sat 13 Jun 2026 15:16:55 INFO  epoch 5 evaluating [time: 1.03s, valid_score: 0.160100]
Sat 13 Jun 2026 15:16:55 INFO  valid result: 
recall@10 : 0.4025    recall@20 : 0.4623    mrr@10 : 0.1559    mrr@20 : 0.1601
Sat 13 Jun 2026 15:16:56 INFO  Saving current: saved/COREtrm-Jun-13-2026_15-15-14.pth
Sat 13 Jun 2026 15:17:10 INFO  epoch 6 training [time: 14.69s, train loss: 1913.0783]
Sat 13 Jun 2026 15:17:11 INFO  epoch 6 evaluating [time: 1.04s, valid_score: 0.161100]
Sat 13 Jun 2026 15:17:11 INFO  valid result: 
recall@10 : 0.4049    recall@20 : 0.4672    mrr@10 : 0.1567    mrr@20 : 0.1611
Sat 13 Jun 2026 15:17:11 INFO  Saving current: saved/COREtrm-Jun-13-2026_15-15-14.pth
Sat 13 Jun 2026 15:17:26 INFO  epoch 7 training [time: 14.70s, train loss: 1881.4790]
Sat 13 Jun 2026 15:17:27 INFO  epoch 7 evaluating [time: 1.07s, valid_score: 0.162300]
Sat 13 Jun 2026 15:17:27 INFO  valid result: 
recall@10 : 0.4079    recall@20 : 0.4701    mrr@10 : 0.1579    mrr@20 : 0.1623
Sat 13 Jun 2026 15:17:27 INFO  Saving current: saved/COREtrm-Jun-13-2026_15-15-14.pth
Sat 13 Jun 2026 15:17:42 INFO  epoch 8 training [time: 14.83s, train loss: 1858.9118]
Sat 13 Jun 2026 15:17:43 INFO  epoch 8 evaluating [time: 1.07s, valid_score: 0.162700]
Sat 13 Jun 2026 15:17:43 INFO  valid result: 
recall@10 : 0.4088    recall@20 : 0.4733    mrr@10 : 0.1582    mrr@20 : 0.1627
Sat 13 Jun 2026 15:17:43 INFO  Saving current: saved/COREtrm-Jun-13-2026_15-15-14.pth
Sat 13 Jun 2026 15:17:58 INFO  epoch 9 training [time: 14.62s, train loss: 1840.5529]
Sat 13 Jun 2026 15:17:59 INFO  epoch 9 evaluating [time: 1.04s, valid_score: 0.163500]
Sat 13 Jun 2026 15:17:59 INFO  valid result: 
recall@10 : 0.4101    recall@20 : 0.4753    mrr@10 : 0.1589    mrr@20 : 0.1635
Sat 13 Jun 2026 15:17:59 INFO  Saving current: saved/COREtrm-Jun-13-2026_15-15-14.pth
Sat 13 Jun 2026 15:18:14 INFO  epoch 10 training [time: 14.63s, train loss: 1825.5677]
Sat 13 Jun 2026 15:18:15 INFO  epoch 10 evaluating [time: 1.07s, valid_score: 0.163600]
Sat 13 Jun 2026 15:18:15 INFO  valid result: 
recall@10 : 0.4111    recall@20 : 0.4757    mrr@10 : 0.1591    mrr@20 : 0.1636
Sat 13 Jun 2026 15:18:15 INFO  Saving current: saved/COREtrm-Jun-13-2026_15-15-14.pth
Sat 13 Jun 2026 15:18:30 INFO  epoch 11 training [time: 14.63s, train loss: 1813.6103]
Sat 13 Jun 2026 15:18:31 INFO  epoch 11 evaluating [time: 1.06s, valid_score: 0.164000]
Sat 13 Jun 2026 15:18:31 INFO  valid result: 
recall@10 : 0.412    recall@20 : 0.4768    mrr@10 : 0.1594    mrr@20 : 0.164
Sat 13 Jun 2026 15:18:31 INFO  Saving current: saved/COREtrm-Jun-13-2026_15-15-14.pth
Sat 13 Jun 2026 15:18:45 INFO  epoch 12 training [time: 14.62s, train loss: 1803.2201]
Sat 13 Jun 2026 15:18:46 INFO  epoch 12 evaluating [time: 1.04s, valid_score: 0.163800]
Sat 13 Jun 2026 15:18:46 INFO  valid result: 
recall@10 : 0.4128    recall@20 : 0.4783    mrr@10 : 0.1592    mrr@20 : 0.1638
Sat 13 Jun 2026 15:19:01 INFO  epoch 13 training [time: 14.63s, train loss: 1794.6252]
Sat 13 Jun 2026 15:19:02 INFO  epoch 13 evaluating [time: 1.06s, valid_score: 0.164900]
Sat 13 Jun 2026 15:19:02 INFO  valid result: 
recall@10 : 0.413    recall@20 : 0.4789    mrr@10 : 0.1603    mrr@20 : 0.1649
Sat 13 Jun 2026 15:19:02 INFO  Saving current: saved/COREtrm-Jun-13-2026_15-15-14.pth
Sat 13 Jun 2026 15:19:17 INFO  epoch 14 training [time: 14.62s, train loss: 1786.4125]
Sat 13 Jun 2026 15:19:18 INFO  epoch 14 evaluating [time: 1.08s, valid_score: 0.164900]
Sat 13 Jun 2026 15:19:18 INFO  valid result: 
recall@10 : 0.4141    recall@20 : 0.4797    mrr@10 : 0.1603    mrr@20 : 0.1649
Sat 13 Jun 2026 15:19:18 INFO  Saving current: saved/COREtrm-Jun-13-2026_15-15-14.pth
Sat 13 Jun 2026 15:19:33 INFO  epoch 15 training [time: 14.63s, train loss: 1781.0728]
Sat 13 Jun 2026 15:19:34 INFO  epoch 15 evaluating [time: 1.07s, valid_score: 0.164900]
Sat 13 Jun 2026 15:19:34 INFO  valid result: 
recall@10 : 0.4147    recall@20 : 0.4806    mrr@10 : 0.1603    mrr@20 : 0.1649
Sat 13 Jun 2026 15:19:34 INFO  Saving current: saved/COREtrm-Jun-13-2026_15-15-14.pth
Sat 13 Jun 2026 15:19:48 INFO  epoch 16 training [time: 14.62s, train loss: 1774.8648]
Sat 13 Jun 2026 15:19:50 INFO  epoch 16 evaluating [time: 1.06s, valid_score: 0.165200]
Sat 13 Jun 2026 15:19:50 INFO  valid result: 
recall@10 : 0.4152    recall@20 : 0.4804    mrr@10 : 0.1606    mrr@20 : 0.1652
Sat 13 Jun 2026 15:19:50 INFO  Saving current: saved/COREtrm-Jun-13-2026_15-15-14.pth
Sat 13 Jun 2026 15:20:04 INFO  epoch 17 training [time: 14.63s, train loss: 1768.8198]
Sat 13 Jun 2026 15:20:05 INFO  epoch 17 evaluating [time: 1.05s, valid_score: 0.165400]
Sat 13 Jun 2026 15:20:05 INFO  valid result: 
recall@10 : 0.4159    recall@20 : 0.4813    mrr@10 : 0.1608    mrr@20 : 0.1654
Sat 13 Jun 2026 15:20:05 INFO  Saving current: saved/COREtrm-Jun-13-2026_15-15-14.pth
Sat 13 Jun 2026 15:20:20 INFO  epoch 18 training [time: 14.64s, train loss: 1764.2996]
Sat 13 Jun 2026 15:20:21 INFO  epoch 18 evaluating [time: 1.07s, valid_score: 0.165600]
Sat 13 Jun 2026 15:20:21 INFO  valid result: 
recall@10 : 0.4153    recall@20 : 0.4817    mrr@10 : 0.161    mrr@20 : 0.1656
Sat 13 Jun 2026 15:20:21 INFO  Saving current: saved/COREtrm-Jun-13-2026_15-15-14.pth
Sat 13 Jun 2026 15:20:36 INFO  epoch 19 training [time: 14.64s, train loss: 1759.6517]
Sat 13 Jun 2026 15:20:37 INFO  epoch 19 evaluating [time: 1.08s, valid_score: 0.165800]
Sat 13 Jun 2026 15:20:37 INFO  valid result: 
recall@10 : 0.4157    recall@20 : 0.4812    mrr@10 : 0.1612    mrr@20 : 0.1658
Sat 13 Jun 2026 15:20:37 INFO  Saving current: saved/COREtrm-Jun-13-2026_15-15-14.pth
Sat 13 Jun 2026 15:20:52 INFO  epoch 20 training [time: 14.65s, train loss: 1756.8556]
Sat 13 Jun 2026 15:20:53 INFO  epoch 20 evaluating [time: 1.07s, valid_score: 0.165500]
Sat 13 Jun 2026 15:20:53 INFO  valid result: 
recall@10 : 0.4157    recall@20 : 0.4815    mrr@10 : 0.1609    mrr@20 : 0.1655
Sat 13 Jun 2026 15:21:07 INFO  epoch 21 training [time: 14.64s, train loss: 1752.8203]
Sat 13 Jun 2026 15:21:09 INFO  epoch 21 evaluating [time: 1.04s, valid_score: 0.165900]
Sat 13 Jun 2026 15:21:09 INFO  valid result: 
recall@10 : 0.416    recall@20 : 0.4819    mrr@10 : 0.1613    mrr@20 : 0.1659
Sat 13 Jun 2026 15:21:09 INFO  Saving current: saved/COREtrm-Jun-13-2026_15-15-14.pth
Sat 13 Jun 2026 15:21:23 INFO  epoch 22 training [time: 14.62s, train loss: 1749.6024]
Sat 13 Jun 2026 15:21:24 INFO  epoch 22 evaluating [time: 1.05s, valid_score: 0.166100]
Sat 13 Jun 2026 15:21:24 INFO  valid result: 
recall@10 : 0.4162    recall@20 : 0.4829    mrr@10 : 0.1615    mrr@20 : 0.1661
Sat 13 Jun 2026 15:21:24 INFO  Saving current: saved/COREtrm-Jun-13-2026_15-15-14.pth
Sat 13 Jun 2026 15:21:39 INFO  epoch 23 training [time: 14.62s, train loss: 1745.8694]
Sat 13 Jun 2026 15:21:40 INFO  epoch 23 evaluating [time: 1.04s, valid_score: 0.165800]
Sat 13 Jun 2026 15:21:40 INFO  valid result: 
recall@10 : 0.4162    recall@20 : 0.482    mrr@10 : 0.1612    mrr@20 : 0.1658
Sat 13 Jun 2026 15:21:55 INFO  epoch 24 training [time: 14.63s, train loss: 1742.9518]
Sat 13 Jun 2026 15:21:56 INFO  epoch 24 evaluating [time: 1.07s, valid_score: 0.166200]
Sat 13 Jun 2026 15:21:56 INFO  valid result: 
recall@10 : 0.4163    recall@20 : 0.4832    mrr@10 : 0.1615    mrr@20 : 0.1662
Sat 13 Jun 2026 15:21:56 INFO  Saving current: saved/COREtrm-Jun-13-2026_15-15-14.pth
Sat 13 Jun 2026 15:22:11 INFO  epoch 25 training [time: 14.64s, train loss: 1739.7847]
Sat 13 Jun 2026 15:22:12 INFO  epoch 25 evaluating [time: 1.04s, valid_score: 0.165800]
Sat 13 Jun 2026 15:22:12 INFO  valid result: 
recall@10 : 0.4157    recall@20 : 0.4826    mrr@10 : 0.1611    mrr@20 : 0.1658
Sat 13 Jun 2026 15:22:26 INFO  epoch 26 training [time: 14.62s, train loss: 1738.0966]
Sat 13 Jun 2026 15:22:27 INFO  epoch 26 evaluating [time: 1.06s, valid_score: 0.165800]
Sat 13 Jun 2026 15:22:27 INFO  valid result: 
recall@10 : 0.4159    recall@20 : 0.4825    mrr@10 : 0.1612    mrr@20 : 0.1658
Sat 13 Jun 2026 15:22:42 INFO  epoch 27 training [time: 14.62s, train loss: 1735.3960]
Sat 13 Jun 2026 15:22:43 INFO  epoch 27 evaluating [time: 1.07s, valid_score: 0.166100]
Sat 13 Jun 2026 15:22:43 INFO  valid result: 
recall@10 : 0.4164    recall@20 : 0.4825    mrr@10 : 0.1615    mrr@20 : 0.1661
Sat 13 Jun 2026 15:22:58 INFO  epoch 28 training [time: 14.63s, train loss: 1733.5052]
Sat 13 Jun 2026 15:22:59 INFO  epoch 28 evaluating [time: 1.06s, valid_score: 0.166000]
Sat 13 Jun 2026 15:22:59 INFO  valid result: 
recall@10 : 0.4165    recall@20 : 0.4831    mrr@10 : 0.1614    mrr@20 : 0.166
Sat 13 Jun 2026 15:23:13 INFO  epoch 29 training [time: 14.64s, train loss: 1729.7607]
Sat 13 Jun 2026 15:23:14 INFO  epoch 29 evaluating [time: 1.05s, valid_score: 0.166300]
Sat 13 Jun 2026 15:23:14 INFO  valid result: 
recall@10 : 0.4156    recall@20 : 0.4834    mrr@10 : 0.1615    mrr@20 : 0.1663
Sat 13 Jun 2026 15:23:14 INFO  Saving current: saved/COREtrm-Jun-13-2026_15-15-14.pth
Sat 13 Jun 2026 15:23:29 INFO  epoch 30 training [time: 14.64s, train loss: 1728.6676]
Sat 13 Jun 2026 15:23:30 INFO  epoch 30 evaluating [time: 1.06s, valid_score: 0.166300]
Sat 13 Jun 2026 15:23:30 INFO  valid result: 
recall@10 : 0.4165    recall@20 : 0.483    mrr@10 : 0.1616    mrr@20 : 0.1663
Sat 13 Jun 2026 15:23:30 INFO  Saving current: saved/COREtrm-Jun-13-2026_15-15-14.pth
Sat 13 Jun 2026 15:23:45 INFO  epoch 31 training [time: 14.63s, train loss: 1727.5681]
Sat 13 Jun 2026 15:23:46 INFO  epoch 31 evaluating [time: 1.07s, valid_score: 0.166100]
Sat 13 Jun 2026 15:23:46 INFO  valid result: 
recall@10 : 0.4173    recall@20 : 0.483    mrr@10 : 0.1615    mrr@20 : 0.1661
Sat 13 Jun 2026 15:24:01 INFO  epoch 32 training [time: 14.64s, train loss: 1725.6960]
Sat 13 Jun 2026 15:24:02 INFO  epoch 32 evaluating [time: 1.04s, valid_score: 0.166500]
Sat 13 Jun 2026 15:24:02 INFO  valid result: 
recall@10 : 0.4167    recall@20 : 0.4837    mrr@10 : 0.1618    mrr@20 : 0.1665
Sat 13 Jun 2026 15:24:02 INFO  Saving current: saved/COREtrm-Jun-13-2026_15-15-14.pth
