start training:  2026-06-13 15:51:20.100521
  0%|          | 0/7963 [00:00<?, ?it/s]  0%|          | 1/7963 [00:01<2:54:00,  1.31s/it]  0%|          | 1/7963 [00:01<3:45:02,  1.70s/it]
Traceback (most recent call last):
  File "/home/hongnguyen/test_all/nhom3/SCLRS/GCE-GNN/main.py", line 164, in <module>
    main()
    ~~~~^^
  File "/home/hongnguyen/test_all/nhom3/SCLRS/GCE-GNN/main.py", line 130, in main
    results = train_test(model,
                         train_data,
    ...<5 lines>...
                         item_cl_loss_weight=opt.item_cl_loss_weight,
                         saved_models_path=opt.saved_models_path)
  File "/home/hongnguyen/test_all/nhom3/SCLRS/GCE-GNN/model.py", line 216, in train_test
    loss.backward()
    ~~~~~~~~~~~~~^^
  File "/home/hongnguyen/.local/lib/python3.13/site-packages/torch/_tensor.py", line 626, in backward
    torch.autograd.backward(
    ~~~~~~~~~~~~~~~~~~~~~~~^
        self, gradient, retain_graph, create_graph, inputs=inputs
        ^^^^^^^^^^^^^^^^^^^^^^^^^^^^^^^^^^^^^^^^^^^^^^^^^^^^^^^^^
    )
    ^
  File "/home/hongnguyen/.local/lib/python3.13/site-packages/torch/autograd/__init__.py", line 347, in backward
    _engine_run_backward(
    ~~~~~~~~~~~~~~~~~~~~^
        tensors,
        ^^^^^^^^
    ...<5 lines>...
        accumulate_grad=True,
        ^^^^^^^^^^^^^^^^^^^^^
    )
    ^
  File "/home/hongnguyen/.local/lib/python3.13/site-packages/torch/autograd/graph.py", line 823, in _engine_run_backward
    return Variable._execution_engine.run_backward(  # Calls into the C++ engine to run the backward pass
           ~~~~~~~~~~~~~~~~~~~~~~~~~~~~~~~~~~~~~~~^^^^^^^^^^^^^^^^^^^^^^^^^^^^^^^^^^^^^^^^^^^^^^^^^^^^^^^
        t_outputs, *args, **kwargs
        ^^^^^^^^^^^^^^^^^^^^^^^^^^
    )  # Calls into the C++ engine to run the backward pass
    ^
torch.OutOfMemoryError: CUDA out of memory. Tried to allocate 2.86 GiB. GPU 0 has a total capacity of 22.18 GiB of which 841.06 MiB is free. Process 2121311 has 1.24 GiB memory in use. Process 2238051 has 1.29 GiB memory in use. Process 2239046 has 1.18 GiB memory in use. Including non-PyTorch memory, this process has 17.63 GiB memory in use. Of the allocated memory 14.48 GiB is allocated by PyTorch, and 2.83 GiB is reserved by PyTorch but unallocated. If reserved but unallocated memory is large try setting PYTORCH_CUDA_ALLOC_CONF=expandable_segments:True to avoid fragmentation.  See documentation for Memory Management  (https://pytorch.org/docs/stable/notes/cuda.html#environment-variables)
