Namespace(dataset='retailrocket', epoch=30, batchSize=100, embSize=100, l2=1e-05, lr=0.001, layer=2, beta=0.005, lam=0.005, eps=0.2)
/content/test_all/nhom2/COTREC/util.py:64: RuntimeWarning: divide by zero encountered in divide
  self.adjacency = adj.multiply(1.0/adj.sum(axis=0).reshape(1, -1))
/content/test_all/nhom2/COTREC/model.py:118: UserWarning: The torch.cuda.*DtypeTensor constructors are no longer recommended. It's best to use methods such as torch.tensor(data, dtype=*, device='cuda') to create tensors. (Triggered internally at /pytorch/torch/csrc/tensor/python_tensor.cpp:78.)
  self.adv_item = torch.cuda.FloatTensor(self.n_node, self.emb_size).fill_(0).requires_grad_(True)
-------------------------------------------------------
epoch:  0
start training:  2026-06-14 08:53:20.729170
/content/test_all/nhom2/COTREC/model.py:45: UserWarning: torch.sparse.SparseTensor(indices, values, shape, *, device=) is deprecated.  Please use torch.sparse_coo_tensor(indices, values, shape, dtype=, device=). (Triggered internally at /pytorch/torch/csrc/utils/tensor_new.cpp:654.)
  adjacency = torch.sparse.FloatTensor(i, v, torch.Size(shape))
[0/7963] train loss: 16.4296
[50/7963] train loss: 7.2143
[100/7963] train loss: 6.7043
[150/7963] train loss: 6.7474
[200/7963] train loss: 6.0798
[250/7963] train loss: 6.7983
[300/7963] train loss: 6.4504
[350/7963] train loss: 5.6776
[400/7963] train loss: 6.0655
[450/7963] train loss: 5.9578
[500/7963] train loss: 6.2653
[550/7963] train loss: 5.9825
[600/7963] train loss: 5.6917
[650/7963] train loss: 6.0683
[700/7963] train loss: 5.8480
[750/7963] train loss: 5.8381
[800/7963] train loss: 6.1530
[850/7963] train loss: 5.6659
[900/7963] train loss: 5.5829
[950/7963] train loss: 5.7486
[1000/7963] train loss: 5.6279
[1050/7963] train loss: 5.6284
[1100/7963] train loss: 5.3187
[1150/7963] train loss: 5.5286
[1200/7963] train loss: 6.1204
[1250/7963] train loss: 5.6436
[1300/7963] train loss: 5.6126
[1350/7963] train loss: 5.3864
[1400/7963] train loss: 5.2972
[1450/7963] train loss: 5.3956
[1500/7963] train loss: 5.4358
[1550/7963] train loss: 5.7895
[1600/7963] train loss: 4.8321
[1650/7963] train loss: 5.3825
[1700/7963] train loss: 5.6530
[1750/7963] train loss: 5.7361
[1800/7963] train loss: 5.2068
[1850/7963] train loss: 5.5346
[1900/7963] train loss: 5.7587
[1950/7963] train loss: 5.6505
[2000/7963] train loss: 5.3622
[2050/7963] train loss: 5.9878
