Namespace(dataset='retailrocket', epoch=30, batchSize=100, embSize=100, l2=1e-05, lr=0.001, layer=2, beta=0.005, lam=0.005, eps=0.2)
/content/test_all/nhom2/COTREC/util.py:64: RuntimeWarning: divide by zero encountered in divide
  self.adjacency = adj.multiply(1.0/adj.sum(axis=0).reshape(1, -1))
/content/test_all/nhom2/COTREC/model.py:118: UserWarning: The torch.cuda.*DtypeTensor constructors are no longer recommended. It's best to use methods such as torch.tensor(data, dtype=*, device='cuda') to create tensors. (Triggered internally at /pytorch/torch/csrc/tensor/python_tensor.cpp:78.)
  self.adv_item = torch.cuda.FloatTensor(self.n_node, self.emb_size).fill_(0).requires_grad_(True)
-------------------------------------------------------
epoch:  0
start training:  2026-06-14 00:39:36.632669
/content/test_all/nhom2/COTREC/model.py:45: UserWarning: torch.sparse.SparseTensor(indices, values, shape, *, device=) is deprecated.  Please use torch.sparse_coo_tensor(indices, values, shape, dtype=, device=). (Triggered internally at /pytorch/torch/csrc/utils/tensor_new.cpp:654.)
  adjacency = torch.sparse.FloatTensor(i, v, torch.Size(shape))
[0/7963] train loss: 17.1546
[50/7963] train loss: 7.6201
[100/7963] train loss: 6.3577
[150/7963] train loss: 6.8456
[200/7963] train loss: 6.2404
[250/7963] train loss: 6.1095
[300/7963] train loss: 5.7879
[350/7963] train loss: 6.4870
[400/7963] train loss: 5.2722
[450/7963] train loss: 6.0882
[500/7963] train loss: 6.0290
[550/7963] train loss: 5.9192
[600/7963] train loss: 5.9948
[650/7963] train loss: 5.8106
[700/7963] train loss: 5.6746
[750/7963] train loss: 5.7993
[800/7963] train loss: 5.6792
[850/7963] train loss: 5.6018
[900/7963] train loss: 5.6214
[950/7963] train loss: 5.8600
[1000/7963] train loss: 5.7264
[1050/7963] train loss: 5.8352
[1100/7963] train loss: 5.4020
[1150/7963] train loss: 5.3317
[1200/7963] train loss: 5.6886
[1250/7963] train loss: 5.5056
[1300/7963] train loss: 5.7908
[1350/7963] train loss: 6.0207
[1400/7963] train loss: 6.1654
[1450/7963] train loss: 5.5388
[1500/7963] train loss: 5.5970
