Namespace(dataset='retailrocket', epoch=30, batchSize=100, embSize=100, l2=1e-05, lr=0.001, layer=2, beta=0.005, lam=0.005, eps=0.2)
/content/test_all/nhom2/COTREC/util.py:64: RuntimeWarning: divide by zero encountered in divide
  self.adjacency = adj.multiply(1.0/adj.sum(axis=0).reshape(1, -1))
/content/test_all/nhom2/COTREC/model.py:118: UserWarning: The torch.cuda.*DtypeTensor constructors are no longer recommended. It's best to use methods such as torch.tensor(data, dtype=*, device='cuda') to create tensors. (Triggered internally at /pytorch/torch/csrc/tensor/python_tensor.cpp:78.)
  self.adv_item = torch.cuda.FloatTensor(self.n_node, self.emb_size).fill_(0).requires_grad_(True)
-------------------------------------------------------
epoch:  0
start training:  2026-06-14 08:41:01.822478
/content/test_all/nhom2/COTREC/model.py:45: UserWarning: torch.sparse.SparseTensor(indices, values, shape, *, device=) is deprecated.  Please use torch.sparse_coo_tensor(indices, values, shape, dtype=, device=). (Triggered internally at /pytorch/torch/csrc/utils/tensor_new.cpp:654.)
  adjacency = torch.sparse.FloatTensor(i, v, torch.Size(shape))
[0/7963] train loss: 8.2885
[50/7963] train loss: 6.9737
[100/7963] train loss: 6.5722
[150/7963] train loss: 6.6018
[200/7963] train loss: 6.7695
[250/7963] train loss: 6.1336
[300/7963] train loss: 5.7093
[350/7963] train loss: 6.0550
[400/7963] train loss: 6.2784
[450/7963] train loss: 5.4479
[500/7963] train loss: 6.0042
[550/7963] train loss: 6.0538
[600/7963] train loss: 5.8240
[650/7963] train loss: 5.5652
[700/7963] train loss: 5.8508
[750/7963] train loss: 5.9317
[800/7963] train loss: 5.6048
[850/7963] train loss: 5.4559
[900/7963] train loss: 5.8221
[950/7963] train loss: 5.9569
[1000/7963] train loss: 5.6404
[1050/7963] train loss: 5.4507
[1100/7963] train loss: 5.9458
[1150/7963] train loss: 5.4069
[1200/7963] train loss: 5.3993
[1250/7963] train loss: 5.7160
[1300/7963] train loss: 5.1661
[1350/7963] train loss: 5.6109
[1400/7963] train loss: 5.7507
[1450/7963] train loss: 5.5709
