Namespace(dataset='retailrocket', epoch=1, batchSize=64, embSize=100, l2=1e-05, lr=0.001, layer=3, beta=0.005, filter=False, gpu_id=0)
数据稀疏度实验 SSL的影响
-----train length: 796270 ----
-----test length: 75367 ----
/content/test_all/nhom2/CSGNN/util.py:147: RuntimeWarning: divide by zero encountered in divide
  DH = H.T.multiply(1.0 / H.sum(axis=1).reshape(1, -1))
-------------------------------------------------------
epoch:  0
start training:  2026-06-14 00:40:04.878920
/content/test_all/nhom2/CSGNN/model.py:143: UserWarning: torch.sparse.SparseTensor(indices, values, shape, *, device=) is deprecated.  Please use torch.sparse_coo_tensor(indices, values, shape, dtype=, device=). (Triggered internally at /pytorch/torch/csrc/utils/tensor_new.cpp:654.)
  adjacency = torch.sparse.FloatTensor(i, v, torch.Size(shape))
/content/test_all/nhom2/CSGNN/model.py:288: UserWarning: The torch.cuda.*DtypeTensor constructors are no longer recommended. It's best to use methods such as torch.tensor(data, dtype=*, device='cuda') to create tensors. (Triggered internally at /pytorch/torch/csrc/tensor/python_tensor.cpp:78.)
  one = torch.cuda.FloatTensor(neg1.shape[0]).fill_(1)
[0/12441] train loss: 11.4850
[50/12441] train loss: 9.7096
[100/12441] train loss: 8.1731
[150/12441] train loss: 7.7760
[200/12441] train loss: 6.6925
[250/12441] train loss: 5.8184
[300/12441] train loss: 6.6297
[350/12441] train loss: 7.1853
[400/12441] train loss: 6.2158
[450/12441] train loss: 7.2662
[500/12441] train loss: 7.6950
[550/12441] train loss: 6.7327
[600/12441] train loss: 7.3245
